<?xml version="1.0" encoding="UTF-8"?>
<!-- Generated by org.testng.reporters.JUnitXMLReporter -->
<testsuite ignored="0" hostname="Karthik" failures="0" tests="15" name="Default test" time="259.016" errors="0" timestamp="2024-01-23T15:30:48 IST">
  <testcase classname="Testcases.Tc_04_Loginpage_email" name="Login_using_email" time="6.037"/>
  <testcase classname="Testcases.Tc_03_Loginpage_Mobno" name="Login_using_mobile" time="11.448"/>
  <testcase classname="Testcases.Tc_03_Loginpage_Mobno" name="Login_using_mobile" time="5.592"/>
  <testcase classname="Testcases.Tc_03_Loginpage_Mobno" name="Login_using_mobile" time="5.704"/>
  <testcase classname="Testcases.Tc_03_Loginpage_Mobno" name="Login_using_mobile" time="5.651"/>
  <testcase classname="Testcases.Tc_07_Bookingformpage" name="Bookingpage" time="33.163"/>
  <testcase classname="Testcases.Tc_09_Verify_menuitems" name="Flightstatusmenu_verify" time="0.038"/>
  <testcase classname="Testcases.Tc_09_Verify_menuitems" name="ManageBookingmenu_verify" time="0.034"/>
  <testcase classname="Testcases.Tc_09_Verify_menuitems" name="checkinmenu_verify" time="0.035"/>
  <testcase classname="Testcases.Tc_05_Search_Flightpage" name="oneway_trip" time="7.024"/>
  <testcase classname="Testcases.Tc_05_Search_Flightpage" name="round_trip" time="7.228"/>
  <testcase classname="Testcases.Tc_02_Signuppage" name="Signup" time="19.13"/>
  <testcase classname="Testcases.Tc_06_Select_Flightpage" name="SelectFlight" time="17.736"/>
  <testcase classname="Testcases.Tc_08_Paymentpage" name="Paymentpage" time="29.736"/>
  <testcase classname="Testcases.Tc_01_Navigate_to_Homepage" name="Homepgae_verify" time="0.017"/>
</testsuite> <!-- Default test -->
