<?xml version="1.0" encoding="UTF-8"?>
<!-- Generated by org.testng.reporters.JUnitXMLReporter -->
<testsuite ignored="0" hostname="Karthik" failures="0" tests="15" name="Test" time="228.171" errors="0" timestamp="2024-01-23T17:33:49 IST">
  <testcase classname="Testcases.Tc_03_Loginpage_Mobno" name="Login_using_mobile" time="5.726"/>
  <testcase classname="Testcases.Tc_03_Loginpage_Mobno" name="Login_using_mobile" time="5.592"/>
  <testcase classname="Testcases.Tc_03_Loginpage_Mobno" name="Login_using_mobile" time="5.639"/>
  <testcase classname="Testcases.Tc_03_Loginpage_Mobno" name="Login_using_mobile" time="5.679"/>
  <testcase classname="Testcases.Tc_02_Signuppage" name="Signup" time="18.4"/>
  <testcase classname="Testcases.Tc_04_Loginpage_email" name="Login_using_email" time="5.838"/>
  <testcase classname="Testcases.Tc_09_Verify_menuitems" name="Flightstatusmenu_verify" time="0.034"/>
  <testcase classname="Testcases.Tc_09_Verify_menuitems" name="ManageBookingmenu_verify" time="5.504"/>
  <testcase classname="Testcases.Tc_09_Verify_menuitems" name="checkinmenu_verify" time="0.035"/>
  <testcase classname="Testcases.Tc_07_Bookingformpage" name="Bookingpage" time="24.388"/>
  <testcase classname="Testcases.Tc_08_Paymentpage" name="Paymentpage" time="21.004"/>
  <testcase classname="Testcases.Tc_05_Search_Flightpage" name="oneway_trip" time="6.048"/>
  <testcase classname="Testcases.Tc_05_Search_Flightpage" name="round_trip" time="10.835"/>
  <testcase classname="Testcases.Tc_06_Select_Flightpage" name="SelectFlight" time="14.869"/>
  <testcase classname="Testcases.Tc_01_Navigate_to_Homepage" name="Homepgae_verify" time="5.147"/>
</testsuite> <!-- Test -->
