<?xml version="1.0" encoding="UTF-8"?>
<testng-results ignored="0" total="15" passed="15" failed="0" skipped="0">
  <reporter-output>
  </reporter-output>
  <suite started-at="2024-01-23T17:30:01 IST" name="Suite" finished-at="2024-01-23T17:33:49 IST" duration-ms="228171">
    <groups>
    </groups>
    <test started-at="2024-01-23T17:30:01 IST" name="Test" finished-at="2024-01-23T17:33:49 IST" duration-ms="228171">
      <class name="Testcases.Tc_04_Loginpage_email">
        <test-method is-config="true" signature="startup()[pri:0, instance:Testcases.Tc_04_Loginpage_email@302c971f]" started-at="2024-01-23T17:31:20 IST" name="startup" finished-at="2024-01-23T17:31:26 IST" duration-ms="6812" status="PASS">
          <reporter-output>
          </reporter-output>
        </test-method> <!-- startup -->
        <test-method signature="Login_using_email()[pri:4, instance:Testcases.Tc_04_Loginpage_email@302c971f]" started-at="2024-01-23T17:31:26 IST" name="Login_using_email" finished-at="2024-01-23T17:31:32 IST" duration-ms="5838" status="PASS">
          <reporter-output>
          </reporter-output>
        </test-method> <!-- Login_using_email -->
        <test-method is-config="true" signature="close()[pri:0, instance:Testcases.Tc_04_Loginpage_email@302c971f]" started-at="2024-01-23T17:31:33 IST" name="close" finished-at="2024-01-23T17:31:33 IST" duration-ms="229" status="PASS">
          <reporter-output>
          </reporter-output>
        </test-method> <!-- close -->
      </class> <!-- Testcases.Tc_04_Loginpage_email -->
      <class name="Testcases.Tc_05_Search_Flightpage">
        <test-method is-config="true" signature="startup()[pri:0, instance:Testcases.Tc_05_Search_Flightpage@61c4eee0]" started-at="2024-01-23T17:32:54 IST" name="startup" finished-at="2024-01-23T17:33:00 IST" duration-ms="6431" status="PASS">
          <reporter-output>
          </reporter-output>
        </test-method> <!-- startup -->
        <test-method signature="oneway_trip()[pri:5, instance:Testcases.Tc_05_Search_Flightpage@61c4eee0]" started-at="2024-01-23T17:33:00 IST" name="oneway_trip" finished-at="2024-01-23T17:33:06 IST" duration-ms="6048" status="PASS">
          <reporter-output>
          </reporter-output>
        </test-method> <!-- oneway_trip -->
        <test-method is-config="true" signature="close()[pri:0, instance:Testcases.Tc_05_Search_Flightpage@61c4eee0]" started-at="2024-01-23T17:33:06 IST" name="close" finished-at="2024-01-23T17:33:07 IST" duration-ms="169" status="PASS">
          <reporter-output>
          </reporter-output>
        </test-method> <!-- close -->
        <test-method is-config="true" signature="startup()[pri:0, instance:Testcases.Tc_05_Search_Flightpage@61c4eee0]" started-at="2024-01-23T17:33:07 IST" name="startup" finished-at="2024-01-23T17:33:08 IST" duration-ms="1500" status="PASS">
          <reporter-output>
          </reporter-output>
        </test-method> <!-- startup -->
        <test-method signature="round_trip()[pri:6, instance:Testcases.Tc_05_Search_Flightpage@61c4eee0]" started-at="2024-01-23T17:33:08 IST" name="round_trip" finished-at="2024-01-23T17:33:19 IST" duration-ms="10835" status="PASS">
          <reporter-output>
          </reporter-output>
        </test-method> <!-- round_trip -->
        <test-method is-config="true" signature="close()[pri:0, instance:Testcases.Tc_05_Search_Flightpage@61c4eee0]" started-at="2024-01-23T17:33:19 IST" name="close" finished-at="2024-01-23T17:33:19 IST" duration-ms="135" status="PASS">
          <reporter-output>
          </reporter-output>
        </test-method> <!-- close -->
      </class> <!-- Testcases.Tc_05_Search_Flightpage -->
      <class name="Testcases.Tc_02_Signuppage">
        <test-method is-config="true" signature="setup()[pri:0, instance:Testcases.Tc_02_Signuppage@305ffe9e]" started-at="2024-01-23T17:30:01 IST" name="setup" finished-at="2024-01-23T17:30:01 IST" duration-ms="18" status="PASS">
          <reporter-output>
          </reporter-output>
        </test-method> <!-- setup -->
        <test-method is-config="true" signature="startup()[pri:0, instance:Testcases.Tc_02_Signuppage@305ffe9e]" started-at="2024-01-23T17:30:54 IST" name="startup" finished-at="2024-01-23T17:31:01 IST" duration-ms="6948" status="PASS">
          <reporter-output>
          </reporter-output>
        </test-method> <!-- startup -->
        <test-method signature="Signup(java.lang.String,java.lang.String,java.lang.String,java.lang.String,java.lang.String,java.lang.String,java.lang.String,java.lang.String,java.lang.String)[pri:2, instance:Testcases.Tc_02_Signuppage@305ffe9e]" started-at="2024-01-23T17:31:01 IST" name="Signup" data-provider="Testdata" finished-at="2024-01-23T17:31:19 IST" duration-ms="18400" status="PASS">
          <params>
            <param index="0">
              <value>
                <![CDATA[Mr]]>
              </value>
            </param>
            <param index="1">
              <value>
                <![CDATA[Testing]]>
              </value>
            </param>
            <param index="2">
              <value>
                <![CDATA[Test]]>
              </value>
            </param>
            <param index="3">
              <value>
                <![CDATA[India]]>
              </value>
            </param>
            <param index="4">
              <value>
                <![CDATA[03-02-2000]]>
              </value>
            </param>
            <param index="5">
              <value>
                <![CDATA[8072231830]]>
              </value>
            </param>
            <param index="6">
              <value>
                <![CDATA[dummytesting23541@gmail.com]]>
              </value>
            </param>
            <param index="7">
              <value>
                <![CDATA[Test@1234]]>
              </value>
            </param>
            <param index="8">
              <value>
                <![CDATA[Test@1234]]>
              </value>
            </param>
          </params>
          <reporter-output>
          </reporter-output>
        </test-method> <!-- Signup -->
        <test-method is-config="true" signature="close()[pri:0, instance:Testcases.Tc_02_Signuppage@305ffe9e]" started-at="2024-01-23T17:31:19 IST" name="close" finished-at="2024-01-23T17:31:20 IST" duration-ms="185" status="PASS">
          <reporter-output>
          </reporter-output>
        </test-method> <!-- close -->
      </class> <!-- Testcases.Tc_02_Signuppage -->
      <class name="Testcases.Tc_03_Loginpage_Mobno">
        <test-method is-config="true" signature="setup()[pri:0, instance:Testcases.Tc_03_Loginpage_Mobno@609e8838]" started-at="2024-01-23T17:30:01 IST" name="setup" finished-at="2024-01-23T17:30:01 IST" duration-ms="1" status="PASS">
          <reporter-output>
          </reporter-output>
        </test-method> <!-- setup -->
        <test-method is-config="true" signature="startup()[pri:0, instance:Testcases.Tc_03_Loginpage_Mobno@609e8838]" started-at="2024-01-23T17:30:01 IST" name="startup" finished-at="2024-01-23T17:30:09 IST" duration-ms="7595" status="PASS">
          <reporter-output>
          </reporter-output>
        </test-method> <!-- startup -->
        <test-method signature="Login_using_mobile(java.lang.String,java.lang.String)[pri:3, instance:Testcases.Tc_03_Loginpage_Mobno@609e8838]" started-at="2024-01-23T17:30:09 IST" name="Login_using_mobile" data-provider="Testdata" finished-at="2024-01-23T17:30:15 IST" duration-ms="5726" status="PASS">
          <params>
            <param index="0">
              <value>
                <![CDATA[8.07223183E9]]>
              </value>
            </param>
            <param index="1">
              <value>
                <![CDATA[`]]>
              </value>
            </param>
          </params>
          <reporter-output>
          </reporter-output>
        </test-method> <!-- Login_using_mobile -->
        <test-method is-config="true" signature="close()[pri:0, instance:Testcases.Tc_03_Loginpage_Mobno@609e8838]" started-at="2024-01-23T17:30:15 IST" name="close" finished-at="2024-01-23T17:30:15 IST" duration-ms="195" status="PASS">
          <reporter-output>
          </reporter-output>
        </test-method> <!-- close -->
        <test-method is-config="true" signature="startup()[pri:0, instance:Testcases.Tc_03_Loginpage_Mobno@609e8838]" started-at="2024-01-23T17:30:15 IST" name="startup" finished-at="2024-01-23T17:30:21 IST" duration-ms="6371" status="PASS">
          <reporter-output>
          </reporter-output>
        </test-method> <!-- startup -->
        <test-method signature="Login_using_mobile(java.lang.String,java.lang.String)[pri:3, instance:Testcases.Tc_03_Loginpage_Mobno@609e8838]" started-at="2024-01-23T17:30:21 IST" name="Login_using_mobile" data-provider="Testdata" finished-at="2024-01-23T17:30:27 IST" duration-ms="5592" status="PASS">
          <params>
            <param index="0">
              <value>
                <![CDATA[`]]>
              </value>
            </param>
            <param index="1">
              <value>
                <![CDATA[Test@1234]]>
              </value>
            </param>
          </params>
          <reporter-output>
          </reporter-output>
        </test-method> <!-- Login_using_mobile -->
        <test-method is-config="true" signature="close()[pri:0, instance:Testcases.Tc_03_Loginpage_Mobno@609e8838]" started-at="2024-01-23T17:30:27 IST" name="close" finished-at="2024-01-23T17:30:27 IST" duration-ms="197" status="PASS">
          <reporter-output>
          </reporter-output>
        </test-method> <!-- close -->
        <test-method is-config="true" signature="startup()[pri:0, instance:Testcases.Tc_03_Loginpage_Mobno@609e8838]" started-at="2024-01-23T17:30:27 IST" name="startup" finished-at="2024-01-23T17:30:35 IST" duration-ms="7668" status="PASS">
          <reporter-output>
          </reporter-output>
        </test-method> <!-- startup -->
        <test-method signature="Login_using_mobile(java.lang.String,java.lang.String)[pri:3, instance:Testcases.Tc_03_Loginpage_Mobno@609e8838]" started-at="2024-01-23T17:30:35 IST" name="Login_using_mobile" data-provider="Testdata" finished-at="2024-01-23T17:30:41 IST" duration-ms="5639" status="PASS">
          <params>
            <param index="0">
              <value>
                <![CDATA[8.07223183E8]]>
              </value>
            </param>
            <param index="1">
              <value>
                <![CDATA[Test@12]]>
              </value>
            </param>
          </params>
          <reporter-output>
          </reporter-output>
        </test-method> <!-- Login_using_mobile -->
        <test-method is-config="true" signature="close()[pri:0, instance:Testcases.Tc_03_Loginpage_Mobno@609e8838]" started-at="2024-01-23T17:30:41 IST" name="close" finished-at="2024-01-23T17:30:41 IST" duration-ms="171" status="PASS">
          <reporter-output>
          </reporter-output>
        </test-method> <!-- close -->
        <test-method is-config="true" signature="startup()[pri:0, instance:Testcases.Tc_03_Loginpage_Mobno@609e8838]" started-at="2024-01-23T17:30:41 IST" name="startup" finished-at="2024-01-23T17:30:48 IST" duration-ms="6539" status="PASS">
          <reporter-output>
          </reporter-output>
        </test-method> <!-- startup -->
        <test-method signature="Login_using_mobile(java.lang.String,java.lang.String)[pri:3, instance:Testcases.Tc_03_Loginpage_Mobno@609e8838]" started-at="2024-01-23T17:30:48 IST" name="Login_using_mobile" data-provider="Testdata" finished-at="2024-01-23T17:30:53 IST" duration-ms="5679" status="PASS">
          <params>
            <param index="0">
              <value>
                <![CDATA[8.07223183E9]]>
              </value>
            </param>
            <param index="1">
              <value>
                <![CDATA[Test@1234]]>
              </value>
            </param>
          </params>
          <reporter-output>
          </reporter-output>
        </test-method> <!-- Login_using_mobile -->
        <test-method is-config="true" signature="close()[pri:0, instance:Testcases.Tc_03_Loginpage_Mobno@609e8838]" started-at="2024-01-23T17:30:54 IST" name="close" finished-at="2024-01-23T17:30:54 IST" duration-ms="159" status="PASS">
          <reporter-output>
          </reporter-output>
        </test-method> <!-- close -->
      </class> <!-- Testcases.Tc_03_Loginpage_Mobno -->
      <class name="Testcases.Tc_07_Bookingformpage">
        <test-method is-config="true" signature="startup()[pri:0, instance:Testcases.Tc_07_Bookingformpage@7ae0a9ec]" started-at="2024-01-23T17:31:54 IST" name="startup" finished-at="2024-01-23T17:32:02 IST" duration-ms="7467" status="PASS">
          <reporter-output>
          </reporter-output>
        </test-method> <!-- startup -->
        <test-method signature="Bookingpage()[pri:8, instance:Testcases.Tc_07_Bookingformpage@7ae0a9ec]" started-at="2024-01-23T17:32:02 IST" name="Bookingpage" finished-at="2024-01-23T17:32:26 IST" duration-ms="24388" status="PASS">
          <reporter-output>
          </reporter-output>
        </test-method> <!-- Bookingpage -->
        <test-method is-config="true" signature="close()[pri:0, instance:Testcases.Tc_07_Bookingformpage@7ae0a9ec]" started-at="2024-01-23T17:32:26 IST" name="close" finished-at="2024-01-23T17:32:26 IST" duration-ms="194" status="PASS">
          <reporter-output>
          </reporter-output>
        </test-method> <!-- close -->
      </class> <!-- Testcases.Tc_07_Bookingformpage -->
      <class name="Testcases.Tc_06_Select_Flightpage">
        <test-method is-config="true" signature="startup()[pri:0, instance:Testcases.Tc_06_Select_Flightpage@6f10d5b6]" started-at="2024-01-23T17:33:19 IST" name="startup" finished-at="2024-01-23T17:33:26 IST" duration-ms="7180" status="PASS">
          <reporter-output>
          </reporter-output>
        </test-method> <!-- startup -->
        <test-method signature="SelectFlight()[pri:7, instance:Testcases.Tc_06_Select_Flightpage@6f10d5b6]" started-at="2024-01-23T17:33:26 IST" name="SelectFlight" finished-at="2024-01-23T17:33:41 IST" duration-ms="14869" status="PASS">
          <reporter-output>
          </reporter-output>
        </test-method> <!-- SelectFlight -->
        <test-method is-config="true" signature="close()[pri:0, instance:Testcases.Tc_06_Select_Flightpage@6f10d5b6]" started-at="2024-01-23T17:33:41 IST" name="close" finished-at="2024-01-23T17:33:42 IST" duration-ms="190" status="PASS">
          <reporter-output>
          </reporter-output>
        </test-method> <!-- close -->
      </class> <!-- Testcases.Tc_06_Select_Flightpage -->
      <class name="Testcases.Tc_09_Verify_menuitems">
        <test-method is-config="true" signature="startup()[pri:0, instance:Testcases.Tc_09_Verify_menuitems@1972e513]" started-at="2024-01-23T17:31:33 IST" name="startup" finished-at="2024-01-23T17:31:40 IST" duration-ms="7064" status="PASS">
          <reporter-output>
          </reporter-output>
        </test-method> <!-- startup -->
        <test-method signature="Flightstatusmenu_verify()[pri:10, instance:Testcases.Tc_09_Verify_menuitems@1972e513]" started-at="2024-01-23T17:31:40 IST" name="Flightstatusmenu_verify" finished-at="2024-01-23T17:31:40 IST" duration-ms="34" status="PASS">
          <reporter-output>
          </reporter-output>
        </test-method> <!-- Flightstatusmenu_verify -->
        <test-method is-config="true" signature="close()[pri:0, instance:Testcases.Tc_09_Verify_menuitems@1972e513]" started-at="2024-01-23T17:31:40 IST" name="close" finished-at="2024-01-23T17:31:40 IST" duration-ms="101" status="PASS">
          <reporter-output>
          </reporter-output>
        </test-method> <!-- close -->
        <test-method is-config="true" signature="startup()[pri:0, instance:Testcases.Tc_09_Verify_menuitems@1972e513]" started-at="2024-01-23T17:31:40 IST" name="startup" finished-at="2024-01-23T17:31:42 IST" duration-ms="1620" status="PASS">
          <reporter-output>
          </reporter-output>
        </test-method> <!-- startup -->
        <test-method signature="ManageBookingmenu_verify()[pri:10, instance:Testcases.Tc_09_Verify_menuitems@1972e513]" started-at="2024-01-23T17:31:42 IST" name="ManageBookingmenu_verify" finished-at="2024-01-23T17:31:47 IST" duration-ms="5504" status="PASS">
          <reporter-output>
          </reporter-output>
        </test-method> <!-- ManageBookingmenu_verify -->
        <test-method is-config="true" signature="close()[pri:0, instance:Testcases.Tc_09_Verify_menuitems@1972e513]" started-at="2024-01-23T17:31:47 IST" name="close" finished-at="2024-01-23T17:31:48 IST" duration-ms="111" status="PASS">
          <reporter-output>
          </reporter-output>
        </test-method> <!-- close -->
        <test-method is-config="true" signature="startup()[pri:0, instance:Testcases.Tc_09_Verify_menuitems@1972e513]" started-at="2024-01-23T17:31:48 IST" name="startup" finished-at="2024-01-23T17:31:54 IST" duration-ms="6163" status="PASS">
          <reporter-output>
          </reporter-output>
        </test-method> <!-- startup -->
        <test-method signature="checkinmenu_verify()[pri:10, instance:Testcases.Tc_09_Verify_menuitems@1972e513]" started-at="2024-01-23T17:31:54 IST" name="checkinmenu_verify" finished-at="2024-01-23T17:31:54 IST" duration-ms="35" status="PASS">
          <reporter-output>
          </reporter-output>
        </test-method> <!-- checkinmenu_verify -->
        <test-method is-config="true" signature="close()[pri:0, instance:Testcases.Tc_09_Verify_menuitems@1972e513]" started-at="2024-01-23T17:31:54 IST" name="close" finished-at="2024-01-23T17:31:54 IST" duration-ms="133" status="PASS">
          <reporter-output>
          </reporter-output>
        </test-method> <!-- close -->
      </class> <!-- Testcases.Tc_09_Verify_menuitems -->
      <class name="Testcases.Tc_08_Paymentpage">
        <test-method is-config="true" signature="startup()[pri:0, instance:Testcases.Tc_08_Paymentpage@35841320]" started-at="2024-01-23T17:32:26 IST" name="startup" finished-at="2024-01-23T17:32:32 IST" duration-ms="6058" status="PASS">
          <reporter-output>
          </reporter-output>
        </test-method> <!-- startup -->
        <test-method signature="Paymentpage()[pri:9, instance:Testcases.Tc_08_Paymentpage@35841320]" started-at="2024-01-23T17:32:32 IST" name="Paymentpage" finished-at="2024-01-23T17:32:53 IST" duration-ms="21004" status="PASS">
          <reporter-output>
          </reporter-output>
        </test-method> <!-- Paymentpage -->
        <test-method is-config="true" signature="close()[pri:0, instance:Testcases.Tc_08_Paymentpage@35841320]" started-at="2024-01-23T17:32:53 IST" name="close" finished-at="2024-01-23T17:32:54 IST" duration-ms="169" status="PASS">
          <reporter-output>
          </reporter-output>
        </test-method> <!-- close -->
      </class> <!-- Testcases.Tc_08_Paymentpage -->
      <class name="Testcases.Tc_01_Navigate_to_Homepage">
        <test-method is-config="true" signature="startup()[pri:0, instance:Testcases.Tc_01_Navigate_to_Homepage@1040be71]" started-at="2024-01-23T17:33:42 IST" name="startup" finished-at="2024-01-23T17:33:43 IST" duration-ms="1588" status="PASS">
          <reporter-output>
          </reporter-output>
        </test-method> <!-- startup -->
        <test-method signature="Homepgae_verify()[pri:1, instance:Testcases.Tc_01_Navigate_to_Homepage@1040be71]" started-at="2024-01-23T17:33:43 IST" name="Homepgae_verify" finished-at="2024-01-23T17:33:48 IST" duration-ms="5147" status="PASS">
          <reporter-output>
          </reporter-output>
        </test-method> <!-- Homepgae_verify -->
        <test-method is-config="true" signature="close()[pri:0, instance:Testcases.Tc_01_Navigate_to_Homepage@1040be71]" started-at="2024-01-23T17:33:49 IST" name="close" finished-at="2024-01-23T17:33:49 IST" duration-ms="122" status="PASS">
          <reporter-output>
          </reporter-output>
        </test-method> <!-- close -->
      </class> <!-- Testcases.Tc_01_Navigate_to_Homepage -->
    </test> <!-- Test -->
  </suite> <!-- Suite -->
</testng-results>
