<?xml version="1.0" encoding="UTF-8"?>
<testng-results ignored="0" total="1" passed="1" failed="0" skipped="0">
  <reporter-output>
  </reporter-output>
  <suite started-at="2024-01-23T17:18:08 IST" name="Default suite" finished-at="2024-01-23T17:18:37 IST" duration-ms="28734">
    <groups>
    </groups>
    <test started-at="2024-01-23T17:18:08 IST" name="Default test" finished-at="2024-01-23T17:18:37 IST" duration-ms="28734">
      <class name="Testcases.Tc_02_Signuppage">
        <test-method is-config="true" signature="setup()[pri:0, instance:Testcases.Tc_02_Signuppage@22555ebf]" started-at="2024-01-23T17:18:08 IST" name="setup" finished-at="2024-01-23T17:18:08 IST" duration-ms="12" status="PASS">
          <reporter-output>
          </reporter-output>
        </test-method> <!-- setup -->
        <test-method is-config="true" signature="startup()[pri:0, instance:Testcases.Tc_02_Signuppage@22555ebf]" started-at="2024-01-23T17:18:09 IST" name="startup" finished-at="2024-01-23T17:18:17 IST" duration-ms="8569" status="PASS">
          <reporter-output>
          </reporter-output>
        </test-method> <!-- startup -->
        <test-method signature="Signup(java.lang.String,java.lang.String,java.lang.String,java.lang.String,java.lang.String,java.lang.String,java.lang.String,java.lang.String,java.lang.String)[pri:2, instance:Testcases.Tc_02_Signuppage@22555ebf]" started-at="2024-01-23T17:18:17 IST" name="Signup" data-provider="Testdata" finished-at="2024-01-23T17:18:36 IST" duration-ms="19132" status="PASS">
          <params>
            <param index="0">
              <value>
                <![CDATA[Mr]]>
              </value>
            </param>
            <param index="1">
              <value>
                <![CDATA[Testing]]>
              </value>
            </param>
            <param index="2">
              <value>
                <![CDATA[Test]]>
              </value>
            </param>
            <param index="3">
              <value>
                <![CDATA[India]]>
              </value>
            </param>
            <param index="4">
              <value>
                <![CDATA[03-02-2000]]>
              </value>
            </param>
            <param index="5">
              <value>
                <![CDATA[8072231830]]>
              </value>
            </param>
            <param index="6">
              <value>
                <![CDATA[dummytesting23541@gmail.com]]>
              </value>
            </param>
            <param index="7">
              <value>
                <![CDATA[Test@1234]]>
              </value>
            </param>
            <param index="8">
              <value>
                <![CDATA[Test@1234]]>
              </value>
            </param>
          </params>
          <reporter-output>
          </reporter-output>
        </test-method> <!-- Signup -->
        <test-method is-config="true" signature="close()[pri:0, instance:Testcases.Tc_02_Signuppage@22555ebf]" started-at="2024-01-23T17:18:36 IST" name="close" finished-at="2024-01-23T17:18:37 IST" duration-ms="230" status="PASS">
          <reporter-output>
          </reporter-output>
        </test-method> <!-- close -->
      </class> <!-- Testcases.Tc_02_Signuppage -->
    </test> <!-- Default test -->
  </suite> <!-- Default suite -->
</testng-results>
